TN:
SF:src/app.ts
FN:9,main
FNF:1
FNH:1
FNDA:1,main
DA:1,1
DA:2,1
DA:3,1
DA:4,1
DA:5,1
DA:6,1
DA:7,1
DA:8,1
DA:9,1
DA:10,1
DA:11,1
DA:12,1
DA:13,1
DA:14,1
DA:15,1
DA:16,1
DA:17,1
LF:17
LH:17
BRDA:5,0,0,1
BRDA:5,1,0,1
BRDA:9,2,0,1
BRF:3
BRH:3
end_of_record
TN:
SF:src/config/envs.ts
FNF:0
FNH:0
DA:1,1
DA:2,1
DA:3,1
DA:4,1
DA:5,1
DA:6,1
DA:7,1
LF:7
LH:7
BRF:0
BRH:0
end_of_record
TN:
SF:src/data/postgres/index.ts
FNF:0
FNH:0
DA:1,1
DA:2,1
DA:3,1
LF:3
LH:3
BRF:0
BRH:0
end_of_record
TN:
SF:src/domain/index.ts
FNF:0
FNH:0
DA:1,1
DA:2,1
DA:3,1
DA:4,1
DA:5,1
DA:6,1
DA:7,1
DA:8,1
DA:9,1
DA:10,1
DA:11,1
LF:11
LH:11
BRF:0
BRH:0
end_of_record
TN:
SF:src/domain/datasources/todo.datasource.ts
FNF:0
FNH:0
DA:1,1
DA:2,1
DA:3,1
DA:4,1
DA:5,1
DA:6,1
DA:7,1
DA:8,1
DA:9,1
DA:10,1
DA:11,1
DA:12,1
LF:12
LH:12
BRF:0
BRH:0
end_of_record
TN:
SF:src/domain/dtos/index.ts
FNF:0
FNH:0
DA:1,1
DA:2,1
LF:2
LH:2
BRF:0
BRH:0
end_of_record
TN:
SF:src/domain/dtos/todos/create-todo.dto.ts
FN:3,CreateTodoDto
FN:6,create
FNF:2
FNH:2
FNDA:1,CreateTodoDto
FNDA:3,create
DA:1,1
DA:2,1
DA:3,1
DA:4,1
DA:5,1
DA:6,1
DA:7,3
DA:8,3
DA:9,3
DA:10,3
DA:11,1
DA:12,1
DA:13,1
DA:14,1
DA:15,1
LF:15
LH:15
BRDA:3,0,0,1
BRDA:6,1,0,3
BRDA:10,2,0,1
BRDA:10,3,0,2
BRDA:11,4,0,1
BRF:5
BRH:5
end_of_record
TN:
SF:src/domain/dtos/todos/update-todo.dto.ts
FN:2,UpdateTodoDto
FN:8,get values
FN:21,Object.<anonymous>.UpdateTodoDto.update
FNF:3
FNH:3
FNDA:2,UpdateTodoDto
FNDA:2,get values
FNDA:2,Object.<anonymous>.UpdateTodoDto.update
DA:1,1
DA:2,1
DA:3,2
DA:4,2
DA:5,2
DA:6,2
DA:7,1
DA:8,1
DA:9,2
DA:10,2
DA:11,2
DA:12,2
DA:13,2
DA:14,2
DA:15,2
DA:16,1
DA:17,1
DA:18,1
DA:19,1
DA:20,1
DA:21,1
DA:22,2
DA:23,2
DA:24,2
DA:25,2
DA:26,2
DA:27,2
DA:28,2
DA:29,2
DA:30,2
DA:31,2
DA:32,2
DA:33,2
DA:34,2
DA:35,2
DA:36,0
DA:37,0
DA:38,2
DA:39,2
DA:40,2
DA:41,2
DA:42,1
LF:42
LH:40
BRDA:2,0,0,2
BRDA:8,1,0,2
BRDA:11,2,0,1
BRDA:21,3,0,2
BRDA:29,4,0,0
BRDA:35,5,0,0
BRF:6
BRH:4
end_of_record
TN:
SF:src/domain/entities/todo.entity.ts
FN:2,TodoEntity
FN:8,get isCompleted
FN:19,fromObject
FNF:3
FNH:2
FNDA:8,TodoEntity
FNDA:0,get isCompleted
FNDA:8,fromObject
DA:1,1
DA:2,1
DA:3,8
DA:4,8
DA:5,8
DA:6,8
DA:7,1
DA:8,1
DA:9,0
DA:10,0
DA:11,1
DA:12,1
DA:13,1
DA:14,1
DA:15,1
DA:16,1
DA:17,1
DA:18,1
DA:19,1
DA:20,8
DA:21,8
DA:22,8
DA:23,8
DA:24,8
DA:25,8
DA:26,8
DA:27,2
DA:28,2
DA:29,2
DA:30,0
DA:31,0
DA:32,2
DA:33,8
DA:34,8
DA:35,8
DA:36,1
LF:36
LH:32
BRDA:2,0,0,8
BRDA:19,1,0,8
BRDA:22,2,0,0
BRDA:23,3,0,0
BRDA:26,4,0,2
BRDA:29,5,0,0
BRF:6
BRH:3
end_of_record
TN:
SF:src/domain/errors/custom.error.ts
FN:2,CustomError
FNF:1
FNH:1
FNDA:2,CustomError
DA:1,1
DA:2,1
DA:3,2
DA:4,2
DA:5,2
DA:6,2
DA:7,2
DA:8,1
LF:8
LH:8
BRDA:2,0,0,2
BRF:1
BRH:1
end_of_record
TN:
SF:src/domain/repositories/todo.repository.ts
FNF:0
FNH:0
DA:1,1
DA:2,1
DA:3,1
DA:4,1
DA:5,1
DA:6,1
DA:7,1
DA:8,1
DA:9,1
DA:10,1
DA:11,1
DA:12,1
LF:12
LH:12
BRF:0
BRH:0
end_of_record
TN:
SF:src/domain/use-cases/index.ts
FNF:0
FNH:0
DA:1,1
DA:2,1
DA:3,1
DA:4,1
DA:5,1
LF:5
LH:5
BRF:0
BRH:0
end_of_record
TN:
SF:src/domain/use-cases/todos/create-todo.ts
FN:10,CreateTodo
FN:14,execute
FNF:2
FNH:2
FNDA:1,CreateTodo
FNDA:1,execute
DA:1,1
DA:2,1
DA:3,1
DA:4,1
DA:5,1
DA:6,1
DA:7,1
DA:8,1
DA:9,1
DA:10,1
DA:11,1
DA:12,1
DA:13,1
DA:14,1
DA:15,1
DA:16,1
DA:17,1
LF:17
LH:17
BRDA:10,0,0,1
BRDA:14,1,0,1
BRF:2
BRH:2
end_of_record
TN:
SF:src/domain/use-cases/todos/delete-todo.ts
FN:9,DeleteTodo
FN:13,execute
FNF:2
FNH:0
FNDA:0,DeleteTodo
FNDA:0,execute
DA:1,1
DA:2,1
DA:3,1
DA:4,1
DA:5,1
DA:6,1
DA:7,1
DA:8,1
DA:9,1
DA:10,0
DA:11,0
DA:12,1
DA:13,1
DA:14,0
DA:15,0
DA:16,1
LF:16
LH:12
BRF:0
BRH:0
end_of_record
TN:
SF:src/domain/use-cases/todos/get-todo.ts
FN:9,GetTodo
FN:13,execute
FNF:2
FNH:2
FNDA:3,GetTodo
FNDA:3,execute
DA:1,1
DA:2,1
DA:3,1
DA:4,1
DA:5,1
DA:6,1
DA:7,1
DA:8,1
DA:9,1
DA:10,3
DA:11,3
DA:12,1
DA:13,1
DA:14,3
DA:15,3
DA:16,1
LF:16
LH:16
BRDA:9,0,0,3
BRDA:13,1,0,3
BRF:2
BRH:2
end_of_record
TN:
SF:src/domain/use-cases/todos/get-todos.ts
FN:9,GetTodos
FN:11,execute
FNF:2
FNH:2
FNDA:1,GetTodos
FNDA:1,execute
DA:1,1
DA:2,1
DA:3,1
DA:4,1
DA:5,1
DA:6,1
DA:7,1
DA:8,1
DA:9,1
DA:10,1
DA:11,1
DA:12,1
DA:13,1
DA:14,1
LF:14
LH:14
BRDA:9,0,0,1
BRDA:11,1,0,1
BRF:2
BRH:2
end_of_record
TN:
SF:src/domain/use-cases/todos/update-todo.ts
FN:10,UpdateTodo
FN:14,execute
FNF:2
FNH:2
FNDA:2,UpdateTodo
FNDA:2,execute
DA:1,1
DA:2,1
DA:3,1
DA:4,1
DA:5,1
DA:6,1
DA:7,1
DA:8,1
DA:9,1
DA:10,1
DA:11,2
DA:12,2
DA:13,1
DA:14,1
DA:15,2
DA:16,2
DA:17,1
LF:17
LH:17
BRDA:10,0,0,2
BRDA:14,1,0,2
BRF:2
BRH:2
end_of_record
TN:
SF:src/infraestructure/datasources/todo.datasource.impl.ts
FN:7,getAll
FN:16,findById
FN:26,create
FN:32,updateById
FN:44,deleteById
FNF:5
FNH:4
FNDA:1,getAll
FNDA:5,findById
FNDA:1,create
FNDA:2,updateById
FNDA:0,deleteById
DA:1,1
DA:2,1
DA:3,1
DA:4,1
DA:5,1
DA:6,1
DA:7,1
DA:8,1
DA:9,1
DA:10,1
DA:11,1
DA:12,1
DA:13,1
DA:14,1
DA:15,1
DA:16,1
DA:17,5
DA:18,5
DA:19,5
DA:20,5
DA:21,5
DA:22,3
DA:23,3
DA:24,3
DA:25,1
DA:26,1
DA:27,1
DA:28,1
DA:29,1
DA:30,1
DA:31,1
DA:32,1
DA:33,2
DA:34,2
DA:35,2
DA:36,2
DA:37,2
DA:38,2
DA:39,2
DA:40,2
DA:41,2
DA:42,2
DA:43,1
DA:44,1
DA:45,0
DA:46,0
DA:47,0
DA:48,0
DA:49,0
DA:50,0
DA:51,0
DA:52,0
DA:53,0
DA:54,1
LF:54
LH:45
BRDA:7,0,0,1
BRDA:13,1,0,2
BRDA:16,2,0,5
BRDA:21,3,0,2
BRDA:22,4,0,3
BRDA:26,5,0,1
BRDA:32,6,0,2
BRF:7
BRH:7
end_of_record
TN:
SF:src/infraestructure/repositories/todo.repository.impl.ts
FN:10,TodoRepositoryImpl
FN:12,getAll
FN:16,findById
FN:20,create
FN:24,updatebyId
FN:28,deleteById
FNF:6
FNH:5
FNDA:2,TodoRepositoryImpl
FNDA:1,getAll
FNDA:3,findById
FNDA:1,create
FNDA:2,updatebyId
FNDA:0,deleteById
DA:1,1
DA:2,1
DA:3,1
DA:4,1
DA:5,1
DA:6,1
DA:7,1
DA:8,1
DA:9,1
DA:10,1
DA:11,1
DA:12,1
DA:13,1
DA:14,1
DA:15,1
DA:16,1
DA:17,3
DA:18,3
DA:19,1
DA:20,1
DA:21,1
DA:22,1
DA:23,1
DA:24,1
DA:25,2
DA:26,2
DA:27,1
DA:28,1
DA:29,0
DA:30,0
DA:31,1
LF:31
LH:29
BRDA:10,0,0,2
BRDA:12,1,0,1
BRDA:16,2,0,3
BRDA:20,3,0,1
BRDA:24,4,0,2
BRF:5
BRH:5
end_of_record
TN:
SF:src/presentation/routes.ts
FN:9,get routes
FNF:1
FNH:1
FNDA:2,get routes
DA:1,1
DA:2,1
DA:3,1
DA:4,1
DA:5,1
DA:6,1
DA:7,1
DA:8,1
DA:9,1
DA:10,2
DA:11,2
DA:12,2
DA:13,2
DA:14,2
DA:15,2
DA:16,1
LF:16
LH:16
BRDA:9,0,0,2
BRF:1
BRH:1
end_of_record
TN:
SF:src/presentation/server.ts
FN:18,Server
FN:25,start
FN:52,close
FN:62,oo_cm
FN:62,oo_oo
FN:62,oo_tr
FN:62,oo_ts
FN:62,oo_te
FNF:8
FNH:8
FNDA:1,Server
FNDA:1,start
FNDA:1,close
FNDA:1,oo_cm
FNDA:1,oo_oo
FNDA:1,oo_tr
FNDA:1,oo_ts
FNDA:1,oo_te
DA:1,1
DA:2,1
DA:3,1
DA:4,1
DA:5,1
DA:6,1
DA:7,1
DA:8,1
DA:9,1
DA:10,1
DA:11,1
DA:12,1
DA:13,1
DA:14,1
DA:15,1
DA:16,1
DA:17,1
DA:18,1
DA:19,1
DA:20,1
DA:21,1
DA:22,1
DA:23,1
DA:24,1
DA:25,1
DA:26,1
DA:27,1
DA:28,1
DA:29,1
DA:30,1
DA:31,1
DA:32,1
DA:33,1
DA:34,1
DA:35,1
DA:36,1
DA:37,1
DA:38,1
DA:39,0
DA:40,0
DA:41,0
DA:42,0
DA:43,1
DA:44,1
DA:45,1
DA:46,1
DA:47,1
DA:48,1
DA:49,1
DA:50,1
DA:51,1
DA:52,1
DA:53,1
DA:54,1
DA:55,1
DA:56,1
DA:57,1
DA:58,1
DA:59,1
DA:60,1
DA:61,1
DA:62,1
LF:62
LH:58
BRDA:18,0,0,1
BRDA:25,1,0,1
BRDA:46,2,0,1
BRDA:52,3,0,1
BRDA:53,4,0,0
BRDA:62,5,0,1
BRDA:62,6,0,1
BRDA:62,7,0,1
BRDA:62,8,0,1
BRF:9
BRH:8
end_of_record
TN:
SF:src/presentation/todos/controller.ts
FN:17,TodosController
FN:27,TodosController.handleError
FN:45,TodosController.getTodos
FN:58,TodosController.getTodoById
FN:73,TodosController.createTodo
FN:93,TodosController.updateTodo
FN:111,TodosController.deleteTodo
FNF:7
FNH:6
FNDA:2,TodosController
FNDA:2,TodosController.handleError
FNDA:1,TodosController.getTodos
FNDA:3,TodosController.getTodoById
FNDA:3,TodosController.createTodo
FNDA:2,TodosController.updateTodo
FNDA:0,TodosController.deleteTodo
DA:1,1
DA:2,1
DA:3,1
DA:4,1
DA:5,1
DA:6,1
DA:7,1
DA:8,1
DA:9,1
DA:10,1
DA:11,1
DA:12,1
DA:13,1
DA:14,1
DA:15,1
DA:16,1
DA:17,1
DA:18,1
DA:19,1
DA:20,1
DA:21,1
DA:22,1
DA:23,1
DA:24,1
DA:25,1
DA:26,1
DA:27,1
DA:28,2
DA:29,2
DA:30,2
DA:31,2
DA:32,2
DA:33,2
DA:34,0
DA:35,0
DA:36,0
DA:37,0
DA:38,1
DA:39,1
DA:40,1
DA:41,1
DA:42,1
DA:43,1
DA:44,1
DA:45,1
DA:46,1
DA:47,1
DA:48,1
DA:49,1
DA:50,1
DA:51,1
DA:52,1
DA:53,1
DA:54,1
DA:55,1
DA:56,1
DA:57,1
DA:58,1
DA:59,3
DA:60,3
DA:61,3
DA:62,3
DA:63,3
DA:64,3
DA:65,1
DA:66,1
DA:67,1
DA:68,1
DA:69,1
DA:70,1
DA:71,1
DA:72,1
DA:73,1
DA:74,3
DA:75,3
DA:76,3
DA:77,3
DA:78,3
DA:79,3
DA:80,1
DA:81,1
DA:82,1
DA:83,1
DA:84,1
DA:85,1
DA:86,1
DA:87,1
DA:88,1
DA:89,1
DA:90,1
DA:91,1
DA:92,1
DA:93,1
DA:94,2
DA:95,2
DA:96,2
DA:97,2
DA:98,2
DA:99,2
DA:100,2
DA:101,2
DA:102,2
DA:103,1
DA:104,1
DA:105,1
DA:106,1
DA:107,1
DA:108,1
DA:109,1
DA:110,1
DA:111,1
DA:112,0
DA:113,0
DA:114,0
DA:115,0
DA:116,0
DA:117,0
DA:118,1
DA:119,1
LF:119
LH:109
BRDA:17,0,0,2
BRDA:27,1,0,2
BRDA:34,2,0,0
BRDA:45,3,0,1
BRDA:48,4,0,1
BRDA:58,5,0,3
BRDA:63,6,0,1
BRDA:64,7,0,2
BRDA:73,8,0,3
BRDA:79,9,0,2
BRDA:80,10,0,1
BRDA:83,11,0,1
BRDA:93,12,0,2
BRDA:97,13,0,0
BRDA:101,14,0,2
BRF:15
BRH:13
end_of_record
TN:
SF:src/presentation/todos/routes.ts
FN:11,get routes
FNF:1
FNH:1
FNDA:2,get routes
DA:1,1
DA:2,1
DA:3,1
DA:4,1
DA:5,1
DA:6,1
DA:7,1
DA:8,1
DA:9,1
DA:10,1
DA:11,1
DA:12,2
DA:13,2
DA:14,2
DA:15,2
DA:16,2
DA:17,2
DA:18,2
DA:19,2
DA:20,2
DA:21,2
DA:22,2
DA:23,2
DA:24,2
DA:25,2
DA:26,2
DA:27,2
DA:28,1
LF:28
LH:28
BRDA:11,0,0,2
BRF:1
BRH:1
end_of_record
TN:
SF:tests/test-server.ts
FNF:0
FNH:0
DA:1,1
DA:2,1
DA:3,1
DA:4,1
DA:5,1
DA:6,1
DA:7,1
DA:8,1
DA:9,1
DA:10,1
DA:11,1
LF:11
LH:11
BRF:0
BRH:0
end_of_record
